Arguments: 
  C:\Program Files\nodejs\node.exe C:\Program Files\nodejs\node_modules\yarn\bin\yarn.js install

PATH: 
  C:\WINDOWS\system32;C:\WINDOWS;C:\WINDOWS\System32\Wbem;C:\WINDOWS\System32\WindowsPowerShell\v1.0\;C:\WINDOWS\System32\OpenSSH\;C:\Users\ashok\AppData\Roaming\nvm;C:\Program Files\nodejs;C:\Program Files\Git\cmd;C:\Users\ashok\AppData\Local\Microsoft\WindowsApps;C:\Users\ashok\AppData\Roaming\nvm;C:\Program Files\nodejs;C:\Users\ashok\AppData\Roaming\npm;C:\Users\ashok\AppData\Local\Programs\Microsoft VS Code\bin

Yarn version: 
  1.22.19

Node version: 
  16.17.0

Platform: 
  win32 x64

Trace: 
  SyntaxError: G:\node tutorial\graph\src\package.json: Unexpected string in JSON at position 163
      at JSON.parse (<anonymous>)
      at C:\Users\ashok\AppData\Roaming\nvm\v16.17.0\node_modules\yarn\lib\cli.js:1629:59
      at Generator.next (<anonymous>)
      at step (C:\Users\ashok\AppData\Roaming\nvm\v16.17.0\node_modules\yarn\lib\cli.js:310:30)
      at C:\Users\ashok\AppData\Roaming\nvm\v16.17.0\node_modules\yarn\lib\cli.js:321:13

npm manifest: 
  {
    "name": "src",
    "version": "1.0.0",
    "description": "",
    "main": "index.js",
    "scripts": {
      "test": "echo \"Error: no test specified\" && exit 1"
    }
    "keywords": [],
    "author": "",
    "license": "ISC",
    "devDependencies": {
      "typescript": "^5.2.2"
    },
    "dependencies": {
      "apollo-server-express": "^3.12.1",
      "express": "^4.18.2",
      "mongoose": "^7.5.2"
    }
  }

yarn manifest: 
  No manifest

Lockfile: 
  No lockfile
